16:59:35.258 [main] INFO  testcases.TC003_LoginDDT - Validating TC003_LoginTestDDT
16:59:35.267 [main] INFO  testcases.TC003_LoginDDT - Validating TC003_LoginTestDDT
16:59:35.271 [main] INFO  testcases.TC003_LoginDDT - Validating TC003_LoginTestDDT
17:03:15.743 [main] INFO  testcases.TC001_AccountRegistrationTest - Validating TC001_AccountRegistrationTest
17:03:15.780 [main] INFO  testcases.TC001_AccountRegistrationTest - clicking MyAccount tab
17:03:15.910 [main] INFO  testcases.TC001_AccountRegistrationTest - Clicking Registration tab
17:03:16.557 [main] INFO  testcases.TC001_AccountRegistrationTest - Providing registration details
17:03:18.083 [main] INFO  testcases.TC001_AccountRegistrationTest - Validating testcase confirmation message
17:03:18.084 [main] INFO  testcases.TC001_AccountRegistrationTest - Test passed
17:03:18.084 [main] INFO  testcases.TC001_AccountRegistrationTest - End of TC001_AccountRegistrationTest
17:03:21.885 [main] INFO  testcases.TC002_LoginTest - Validating TC002_LoginTest
17:03:21.886 [main] INFO  testcases.TC002_LoginTest - clicking MyAccount tab
17:03:21.988 [main] INFO  testcases.TC002_LoginTest - Clicking Login tab
17:03:22.425 [main] INFO  testcases.TC002_LoginTest - Entering Login credentials
17:03:23.419 [main] INFO  testcases.TC002_LoginTest - Test passed
17:03:23.419 [main] INFO  testcases.TC002_LoginTest - End of TC002_LoginTest
17:05:57.886 [TestNG-tests-1] INFO  testcases.TC001_AccountRegistrationTest - Validating TC001_AccountRegistrationTest
17:05:57.915 [TestNG-tests-1] INFO  testcases.TC001_AccountRegistrationTest - clicking MyAccount tab
17:05:58.004 [TestNG-tests-1] INFO  testcases.TC001_AccountRegistrationTest - Clicking Registration tab
17:05:58.628 [TestNG-tests-1] INFO  testcases.TC001_AccountRegistrationTest - Providing registration details
17:06:00.169 [TestNG-tests-1] INFO  testcases.TC001_AccountRegistrationTest - Validating testcase confirmation message
17:06:00.171 [TestNG-tests-1] INFO  testcases.TC001_AccountRegistrationTest - Test passed
17:06:00.171 [TestNG-tests-1] INFO  testcases.TC001_AccountRegistrationTest - End of TC001_AccountRegistrationTest
17:07:11.309 [TestNG-tests-3] INFO  testcases.TC001_AccountRegistrationTest - Validating TC001_AccountRegistrationTest
17:07:11.331 [TestNG-tests-3] INFO  testcases.TC001_AccountRegistrationTest - clicking MyAccount tab
17:07:11.429 [TestNG-tests-3] INFO  testcases.TC001_AccountRegistrationTest - Clicking Registration tab
17:07:12.119 [TestNG-tests-3] INFO  testcases.TC001_AccountRegistrationTest - Providing registration details
17:07:13.559 [TestNG-tests-3] INFO  testcases.TC001_AccountRegistrationTest - Validating testcase confirmation message
17:07:13.560 [TestNG-tests-3] INFO  testcases.TC001_AccountRegistrationTest - Test passed
17:07:13.561 [TestNG-tests-3] INFO  testcases.TC001_AccountRegistrationTest - End of TC001_AccountRegistrationTest
17:07:53.189 [TestNG-tests-3] INFO  testcases.TC001_AccountRegistrationTest - Validating TC001_AccountRegistrationTest
17:07:53.189 [TestNG-tests-1] INFO  testcases.TC001_AccountRegistrationTest - Validating TC001_AccountRegistrationTest
17:07:53.215 [TestNG-tests-1] INFO  testcases.TC001_AccountRegistrationTest - clicking MyAccount tab
17:07:53.215 [TestNG-tests-3] INFO  testcases.TC001_AccountRegistrationTest - clicking MyAccount tab
17:07:53.303 [TestNG-tests-3] INFO  testcases.TC001_AccountRegistrationTest - Clicking Registration tab
17:07:53.342 [TestNG-tests-1] INFO  testcases.TC001_AccountRegistrationTest - Clicking Registration tab
17:10:37.493 [TestNG-tests-3] INFO  testcases.TC001_AccountRegistrationTest - Validating TC001_AccountRegistrationTest
17:10:37.493 [TestNG-tests-1] INFO  testcases.TC001_AccountRegistrationTest - Validating TC001_AccountRegistrationTest
17:10:37.516 [TestNG-tests-3] INFO  testcases.TC001_AccountRegistrationTest - clicking MyAccount tab
17:10:37.516 [TestNG-tests-1] INFO  testcases.TC001_AccountRegistrationTest - clicking MyAccount tab
17:10:37.625 [TestNG-tests-1] INFO  testcases.TC001_AccountRegistrationTest - Clicking Registration tab
17:10:37.677 [TestNG-tests-3] INFO  testcases.TC001_AccountRegistrationTest - Clicking Registration tab
17:12:57.644 [main] INFO  testcases.TC001_AccountRegistrationTest - Validating TC001_AccountRegistrationTest
17:12:57.675 [main] INFO  testcases.TC001_AccountRegistrationTest - clicking MyAccount tab
17:12:57.770 [main] INFO  testcases.TC001_AccountRegistrationTest - Clicking Registration tab
17:12:58.379 [main] INFO  testcases.TC001_AccountRegistrationTest - Providing registration details
17:12:59.789 [main] INFO  testcases.TC001_AccountRegistrationTest - Validating testcase confirmation message
17:12:59.791 [main] INFO  testcases.TC001_AccountRegistrationTest - Test passed
17:12:59.791 [main] INFO  testcases.TC001_AccountRegistrationTest - End of TC001_AccountRegistrationTest
17:13:03.403 [main] INFO  testcases.TC002_LoginTest - Validating TC002_LoginTest
