08:26:26.774 [main] INFO  testcases.TC002_LoginTest - Entering Login credentials
08:26:28.019 [main] INFO  testcases.TC002_LoginTest - Test passed
08:26:28.019 [main] INFO  testcases.TC002_LoginTest - End of TC002_LoginTest
08:28:34.561 [main] INFO  testcases.TC001_AccountRegistrationTest - Validating TC001_AccountRegistrationTest
08:28:34.605 [main] INFO  testcases.TC001_AccountRegistrationTest - clicking MyAccount tab
08:28:34.864 [main] INFO  testcases.TC001_AccountRegistrationTest - Clicking Registration tab
08:28:35.661 [main] INFO  testcases.TC001_AccountRegistrationTest - Providing registration details
08:28:37.423 [main] INFO  testcases.TC001_AccountRegistrationTest - Validating testcase confirmation message
08:28:37.425 [main] INFO  testcases.TC001_AccountRegistrationTest - Test passed
08:28:37.425 [main] INFO  testcases.TC001_AccountRegistrationTest - End of TC001_AccountRegistrationTest
08:28:41.753 [main] INFO  testcases.TC002_LoginTest - Validating TC002_LoginTest
08:28:41.753 [main] INFO  testcases.TC002_LoginTest - clicking MyAccount tab
08:28:41.846 [main] INFO  testcases.TC002_LoginTest - Clicking Login tab
08:28:42.306 [main] INFO  testcases.TC002_LoginTest - Entering Login credentials
08:28:43.397 [main] INFO  testcases.TC002_LoginTest - Test passed
08:28:43.397 [main] INFO  testcases.TC002_LoginTest - End of TC002_LoginTest
08:53:31.046 [main] INFO  testcases.TC001_AccountRegistrationTest - Validating TC001_AccountRegistrationTest
08:53:31.075 [main] INFO  testcases.TC001_AccountRegistrationTest - clicking MyAccount tab
08:53:31.304 [main] INFO  testcases.TC001_AccountRegistrationTest - Clicking Registration tab
08:53:32.078 [main] INFO  testcases.TC001_AccountRegistrationTest - Providing registration details
08:53:34.217 [main] INFO  testcases.TC001_AccountRegistrationTest - Validating testcase confirmation message
08:53:34.219 [main] INFO  testcases.TC001_AccountRegistrationTest - Test passed
08:53:34.220 [main] INFO  testcases.TC001_AccountRegistrationTest - End of TC001_AccountRegistrationTest
08:53:37.457 [main] INFO  testcases.TC002_LoginTest - Validating TC002_LoginTest
08:53:37.457 [main] INFO  testcases.TC002_LoginTest - clicking MyAccount tab
08:53:37.588 [main] INFO  testcases.TC002_LoginTest - Clicking Login tab
08:53:38.032 [main] INFO  testcases.TC002_LoginTest - Entering Login credentials
08:53:39.361 [main] INFO  testcases.TC002_LoginTest - Test passed
08:53:39.361 [main] INFO  testcases.TC002_LoginTest - End of TC002_LoginTest
08:53:56.394 [main] INFO  testcases.TC001_AccountRegistrationTest - Validating TC001_AccountRegistrationTest
08:53:56.395 [main] INFO  testcases.TC001_AccountRegistrationTest - clicking MyAccount tab
08:53:56.686 [main] INFO  testcases.TC001_AccountRegistrationTest - Clicking Registration tab
08:53:57.862 [main] INFO  testcases.TC001_AccountRegistrationTest - Providing registration details
08:53:59.901 [main] INFO  testcases.TC001_AccountRegistrationTest - Validating testcase confirmation message
08:53:59.901 [main] INFO  testcases.TC001_AccountRegistrationTest - Test passed
08:53:59.902 [main] INFO  testcases.TC001_AccountRegistrationTest - End of TC001_AccountRegistrationTest
08:54:07.843 [main] INFO  testcases.TC002_LoginTest - Validating TC002_LoginTest
08:54:07.843 [main] INFO  testcases.TC002_LoginTest - clicking MyAccount tab
08:54:08.142 [main] INFO  testcases.TC002_LoginTest - Clicking Login tab
08:54:08.577 [main] INFO  testcases.TC002_LoginTest - Entering Login credentials
08:54:09.708 [main] INFO  testcases.TC002_LoginTest - Test passed
08:54:09.709 [main] INFO  testcases.TC002_LoginTest - End of TC002_LoginTest
09:25:26.442 [main] INFO  testcases.TC001_AccountRegistrationTest - Validating TC001_AccountRegistrationTest
09:25:26.464 [main] INFO  testcases.TC001_AccountRegistrationTest - clicking MyAccount tab
09:25:26.559 [main] INFO  testcases.TC001_AccountRegistrationTest - Clicking Registration tab
09:25:27.253 [main] INFO  testcases.TC001_AccountRegistrationTest - Providing registration details
09:25:28.761 [main] INFO  testcases.TC001_AccountRegistrationTest - Validating testcase confirmation message
09:25:28.763 [main] INFO  testcases.TC001_AccountRegistrationTest - Test passed
09:25:28.763 [main] INFO  testcases.TC001_AccountRegistrationTest - End of TC001_AccountRegistrationTest
09:25:33.142 [main] INFO  testcases.TC002_LoginTest - Validating TC002_LoginTest
09:25:33.143 [main] INFO  testcases.TC002_LoginTest - clicking MyAccount tab
09:25:33.244 [main] INFO  testcases.TC002_LoginTest - Clicking Login tab
09:25:33.672 [main] INFO  testcases.TC002_LoginTest - Entering Login credentials
09:25:34.776 [main] INFO  testcases.TC002_LoginTest - Test passed
09:25:34.776 [main] INFO  testcases.TC002_LoginTest - End of TC002_LoginTest
09:38:30.673 [main] INFO  testcases.TC001_AccountRegistrationTest - Validating TC001_AccountRegistrationTest
09:38:30.707 [main] INFO  testcases.TC001_AccountRegistrationTest - clicking MyAccount tab
