17:13:03.404 [main] INFO  testcases.TC002_LoginTest - clicking MyAccount tab
17:13:03.514 [main] INFO  testcases.TC002_LoginTest - Clicking Login tab
17:13:03.977 [main] INFO  testcases.TC002_LoginTest - Entering Login credentials
17:13:05.378 [main] INFO  testcases.TC002_LoginTest - Test passed
17:13:05.378 [main] INFO  testcases.TC002_LoginTest - End of TC002_LoginTest
17:15:36.352 [TestNG-tests-1] INFO  testcases.TC001_AccountRegistrationTest - Validating TC001_AccountRegistrationTest
17:15:36.352 [TestNG-tests-3] INFO  testcases.TC001_AccountRegistrationTest - Validating TC001_AccountRegistrationTest
17:15:36.368 [TestNG-tests-1] INFO  testcases.TC001_AccountRegistrationTest - clicking MyAccount tab
17:15:36.368 [TestNG-tests-3] INFO  testcases.TC001_AccountRegistrationTest - clicking MyAccount tab
17:15:36.465 [TestNG-tests-1] INFO  testcases.TC001_AccountRegistrationTest - Clicking Registration tab
17:15:36.509 [TestNG-tests-3] INFO  testcases.TC001_AccountRegistrationTest - Clicking Registration tab
11:51:42.324 [main] INFO  testcases.TC001_AccountRegistrationTest - Validating TC001_AccountRegistrationTest
11:51:42.344 [main] INFO  testcases.TC001_AccountRegistrationTest - clicking MyAccount tab
11:51:42.476 [main] INFO  testcases.TC001_AccountRegistrationTest - Clicking Registration tab
11:51:43.168 [main] INFO  testcases.TC001_AccountRegistrationTest - Providing registration details
11:51:44.924 [main] INFO  testcases.TC001_AccountRegistrationTest - Validating testcase confirmation message
11:51:44.925 [main] INFO  testcases.TC001_AccountRegistrationTest - Test passed
11:51:44.925 [main] INFO  testcases.TC001_AccountRegistrationTest - End of TC001_AccountRegistrationTest
11:51:47.984 [main] INFO  testcases.TC002_LoginTest - Validating TC002_LoginTest
11:51:47.984 [main] INFO  testcases.TC002_LoginTest - clicking MyAccount tab
11:51:48.140 [main] INFO  testcases.TC002_LoginTest - Clicking Login tab
11:51:48.568 [main] INFO  testcases.TC002_LoginTest - Entering Login credentials
11:51:49.716 [main] INFO  testcases.TC002_LoginTest - Test passed
11:51:49.716 [main] INFO  testcases.TC002_LoginTest - End of TC002_LoginTest
11:56:00.995 [main] INFO  testcases.TC001_AccountRegistrationTest - Validating TC001_AccountRegistrationTest
11:56:01.026 [main] INFO  testcases.TC001_AccountRegistrationTest - clicking MyAccount tab
11:56:01.322 [main] INFO  testcases.TC001_AccountRegistrationTest - Clicking Registration tab
11:56:02.005 [main] INFO  testcases.TC001_AccountRegistrationTest - Providing registration details
11:56:03.551 [main] INFO  testcases.TC001_AccountRegistrationTest - Validating testcase confirmation message
11:56:03.553 [main] INFO  testcases.TC001_AccountRegistrationTest - Test passed
11:56:03.553 [main] INFO  testcases.TC001_AccountRegistrationTest - End of TC001_AccountRegistrationTest
11:56:08.971 [main] INFO  testcases.TC002_LoginTest - Validating TC002_LoginTest
11:56:08.972 [main] INFO  testcases.TC002_LoginTest - clicking MyAccount tab
11:56:09.243 [main] INFO  testcases.TC002_LoginTest - Clicking Login tab
11:56:09.620 [main] INFO  testcases.TC002_LoginTest - Entering Login credentials
11:56:10.590 [main] INFO  testcases.TC002_LoginTest - Test passed
11:56:10.590 [main] INFO  testcases.TC002_LoginTest - End of TC002_LoginTest
12:00:07.137 [main] INFO  testcases.TC001_AccountRegistrationTest - Validating TC001_AccountRegistrationTest
12:00:07.166 [main] INFO  testcases.TC001_AccountRegistrationTest - clicking MyAccount tab
12:00:07.279 [main] INFO  testcases.TC001_AccountRegistrationTest - Clicking Registration tab
12:00:08.000 [main] INFO  testcases.TC001_AccountRegistrationTest - Providing registration details
12:00:09.767 [main] INFO  testcases.TC001_AccountRegistrationTest - Validating testcase confirmation message
12:00:09.768 [main] INFO  testcases.TC001_AccountRegistrationTest - Test passed
12:00:09.768 [main] INFO  testcases.TC001_AccountRegistrationTest - End of TC001_AccountRegistrationTest
12:00:12.655 [main] INFO  testcases.TC002_LoginTest - Validating TC002_LoginTest
12:00:12.656 [main] INFO  testcases.TC002_LoginTest - clicking MyAccount tab
12:00:12.757 [main] INFO  testcases.TC002_LoginTest - Clicking Login tab
12:00:13.131 [main] INFO  testcases.TC002_LoginTest - Entering Login credentials
12:00:14.402 [main] INFO  testcases.TC002_LoginTest - Test passed
12:00:14.402 [main] INFO  testcases.TC002_LoginTest - End of TC002_LoginTest
12:00:20.901 [main] INFO  testcases.TC001_AccountRegistrationTest - Validating TC001_AccountRegistrationTest
12:00:20.901 [main] INFO  testcases.TC001_AccountRegistrationTest - clicking MyAccount tab
12:00:21.177 [main] INFO  testcases.TC001_AccountRegistrationTest - Clicking Registration tab
12:00:21.828 [main] INFO  testcases.TC001_AccountRegistrationTest - Providing registration details
12:00:23.286 [main] INFO  testcases.TC001_AccountRegistrationTest - Validating testcase confirmation message
