09:38:30.791 [main] INFO  testcases.TC001_AccountRegistrationTest - Clicking Registration tab
09:38:31.450 [main] INFO  testcases.TC001_AccountRegistrationTest - Providing registration details
09:38:32.979 [main] INFO  testcases.TC001_AccountRegistrationTest - Validating testcase confirmation message
09:38:32.981 [main] INFO  testcases.TC001_AccountRegistrationTest - Test passed
09:38:32.981 [main] INFO  testcases.TC001_AccountRegistrationTest - End of TC001_AccountRegistrationTest
09:38:37.032 [main] INFO  testcases.TC002_LoginTest - Validating TC002_LoginTest
09:38:37.034 [main] INFO  testcases.TC002_LoginTest - clicking MyAccount tab
09:38:37.121 [main] INFO  testcases.TC002_LoginTest - Clicking Login tab
09:38:37.610 [main] INFO  testcases.TC002_LoginTest - Entering Login credentials
09:38:38.895 [main] INFO  testcases.TC002_LoginTest - Test passed
09:38:38.895 [main] INFO  testcases.TC002_LoginTest - End of TC002_LoginTest
09:39:18.823 [main] INFO  testcases.TC001_AccountRegistrationTest - Validating TC001_AccountRegistrationTest
09:39:18.871 [main] INFO  testcases.TC001_AccountRegistrationTest - clicking MyAccount tab
09:39:18.955 [main] INFO  testcases.TC001_AccountRegistrationTest - Clicking Registration tab
09:39:19.620 [main] INFO  testcases.TC001_AccountRegistrationTest - Providing registration details
09:39:21.211 [main] INFO  testcases.TC001_AccountRegistrationTest - Validating testcase confirmation message
09:39:21.212 [main] INFO  testcases.TC001_AccountRegistrationTest - Test passed
09:39:21.212 [main] INFO  testcases.TC001_AccountRegistrationTest - End of TC001_AccountRegistrationTest
09:39:25.023 [main] INFO  testcases.TC002_LoginTest - Validating TC002_LoginTest
09:39:25.024 [main] INFO  testcases.TC002_LoginTest - clicking MyAccount tab
09:39:25.111 [main] INFO  testcases.TC002_LoginTest - Clicking Login tab
09:39:25.561 [main] INFO  testcases.TC002_LoginTest - Entering Login credentials
09:39:26.800 [main] INFO  testcases.TC002_LoginTest - Test passed
09:39:26.800 [main] INFO  testcases.TC002_LoginTest - End of TC002_LoginTest
10:13:31.254 [main] INFO  testcases.TC001_AccountRegistrationTest - Validating TC001_AccountRegistrationTest
10:13:31.325 [main] INFO  testcases.TC001_AccountRegistrationTest - clicking MyAccount tab
10:13:31.432 [main] INFO  testcases.TC001_AccountRegistrationTest - Clicking Registration tab
10:13:32.088 [main] INFO  testcases.TC001_AccountRegistrationTest - Providing registration details
10:13:33.991 [main] INFO  testcases.TC001_AccountRegistrationTest - Validating testcase confirmation message
10:13:33.993 [main] INFO  testcases.TC001_AccountRegistrationTest - Test passed
10:13:33.993 [main] INFO  testcases.TC001_AccountRegistrationTest - End of TC001_AccountRegistrationTest
10:13:38.913 [main] INFO  testcases.TC002_LoginTest - Validating TC002_LoginTest
10:13:38.915 [main] INFO  testcases.TC002_LoginTest - clicking MyAccount tab
10:13:39.085 [main] INFO  testcases.TC002_LoginTest - Clicking Login tab
10:13:39.513 [main] INFO  testcases.TC002_LoginTest - Entering Login credentials
10:13:40.833 [main] INFO  testcases.TC002_LoginTest - Test passed
10:13:40.833 [main] INFO  testcases.TC002_LoginTest - End of TC002_LoginTest
10:25:42.445 [main] INFO  testcases.TC001_AccountRegistrationTest - Validating TC001_AccountRegistrationTest
10:25:42.494 [main] INFO  testcases.TC001_AccountRegistrationTest - clicking MyAccount tab
10:25:42.606 [main] INFO  testcases.TC001_AccountRegistrationTest - Clicking Registration tab
10:25:43.311 [main] INFO  testcases.TC001_AccountRegistrationTest - Providing registration details
10:25:45.030 [main] INFO  testcases.TC001_AccountRegistrationTest - Validating testcase confirmation message
10:25:45.033 [main] INFO  testcases.TC001_AccountRegistrationTest - Test passed
10:25:45.034 [main] INFO  testcases.TC001_AccountRegistrationTest - End of TC001_AccountRegistrationTest
10:25:48.870 [main] INFO  testcases.TC002_LoginTest - Validating TC002_LoginTest
10:25:48.871 [main] INFO  testcases.TC002_LoginTest - clicking MyAccount tab
10:25:48.980 [main] INFO  testcases.TC002_LoginTest - Clicking Login tab
10:25:49.435 [main] INFO  testcases.TC002_LoginTest - Entering Login credentials
10:25:50.607 [main] INFO  testcases.TC002_LoginTest - Test passed
10:25:50.607 [main] INFO  testcases.TC002_LoginTest - End of TC002_LoginTest
